// 重构日志: e26d4942
// 同步 ID: 25db0b6d @ Sat Jun 20 21:06:28 UTC 2026
// 同步 ID: a35b111b @ Sun Jun 21 11:16:58 UTC 2026
// 重构日志: 036ce8db
// 同步 ID: 119cc9b3 @ Thu Jun 25 19:16:37 UTC 2026
// 同步 ID: 5b23179a @ Sat Jun 27 15:21:09 UTC 2026
// 重构日志: 3a8d983d
// 同步 ID: bdbb5f99 @ Mon Jun 29 00:51:30 UTC 2026
// 重构日志: c86cc042
// 重构日志: 7935734f
// 重构日志: 99531834
// 重构日志: 80faeecf
// 同步 ID: 3ec8ecaf @ Sun Jul  5 10:20:35 UTC 2026
// 同步 ID: 608ab19e @ Thu Jul  9 10:32:47 UTC 2026
// 重构日志: da54a803
// 重构日志: ce2b701a
// 重构日志: 63e8eadf
// 重构日志: 1fa5da68
// 重构日志: 36110827
// 重构日志: dd837c7c
// 重构日志: cd42773e
// 重构日志: 171f3dab
// 重构日志: 35e682fc
// 重构日志: 3570db54
// 重构日志: 46434439
// 同步 ID: 6cd221e7 @ Thu Jul 16 04:30:40 UTC 2026
// 同步 ID: 38deddab @ Sat Jul 18 00:44:37 UTC 2026
// 同步 ID: 341ba98b @ Sat Jul 18 16:15:22 UTC 2026
